<?xml version="1.0" encoding="UTF-8"?>
<testsuite name="main.java.org.skloch.test.unit.GameOverScreenTest" tests="1" skipped="0" failures="0" errors="0" timestamp="2024-05-17T22:59:33" hostname="KEELAS_PC" time="0.054">
  <properties/>
  <testcase name="gameOverScreenAfterSevenDays" classname="main.java.org.skloch.test.unit.GameOverScreenTest" time="0.054"/>
  <system-out><![CDATA[]]></system-out>
  <system-err><![CDATA[]]></system-err>
</testsuite>
