<?xml version="1.0" encoding="UTF-8"?>
<testsuite name="main.java.org.skloch.test.DailyActivitiesTest" tests="1" skipped="0" failures="0" errors="0" timestamp="2024-05-19T11:11:11" hostname="LUKE-PC" time="0.001">
  <properties/>
  <testcase name="testAddHoursRecreation" classname="main.java.org.skloch.test.DailyActivitiesTest" time="0.001"/>
  <system-out><![CDATA[]]></system-out>
  <system-err><![CDATA[]]></system-err>
</testsuite>
