<?xml version="1.0" encoding="UTF-8"?>
<testsuite name="main.java.org.skloch.test.DialogueBoxTest" tests="1" skipped="0" failures="0" errors="0" timestamp="2024-05-19T11:11:11" hostname="LUKE-PC" time="0.064">
  <properties/>
  <testcase name="testDialogueBoxSetText" classname="main.java.org.skloch.test.DialogueBoxTest" time="0.064"/>
  <system-out><![CDATA[]]></system-out>
  <system-err><![CDATA[]]></system-err>
</testsuite>
