<?xml version="1.0" encoding="UTF-8"?>
<testsuite name="main.java.org.skloch.test.SoundManagerTest" tests="2" skipped="0" failures="0" errors="0" timestamp="2024-05-18T20:09:11" hostname="KEELAS_PC" time="0.015">
  <properties/>
  <testcase name="testSetSfxVolume" classname="main.java.org.skloch.test.SoundManagerTest" time="0.007"/>
  <testcase name="testSetMusicVolume" classname="main.java.org.skloch.test.SoundManagerTest" time="0.0"/>
  <system-out><![CDATA[]]></system-out>
  <system-err><![CDATA[]]></system-err>
</testsuite>
