<?xml version="1.0" encoding="UTF-8"?>
<testsuite name="main.java.org.skloch.test.LeaderboardScreenTest" tests="2" skipped="0" failures="0" errors="0" timestamp="2024-05-19T11:11:11" hostname="LUKE-PC" time="0.018">
  <properties/>
  <testcase name="testLeaderboardScreenInitialization" classname="main.java.org.skloch.test.LeaderboardScreenTest" time="0.001"/>
  <testcase name="testRender" classname="main.java.org.skloch.test.LeaderboardScreenTest" time="0.001"/>
  <system-out><![CDATA[]]></system-out>
  <system-err><![CDATA[]]></system-err>
</testsuite>
