<?xml version="1.0" encoding="UTF-8"?>
<testsuite name="main.java.org.skloch.test.EventManagerTest" tests="6" skipped="0" failures="0" errors="0" timestamp="2024-05-19T11:11:11" hostname="LUKE-PC" time="0.011">
  <properties/>
  <testcase name="piazzaEventTest" classname="main.java.org.skloch.test.EventManagerTest" time="0.006"/>
  <testcase name="treeEventTest" classname="main.java.org.skloch.test.EventManagerTest" time="0.0"/>
  <testcase name="ronCookeEventTest" classname="main.java.org.skloch.test.EventManagerTest" time="0.001"/>
  <testcase name="pubEventTest" classname="main.java.org.skloch.test.EventManagerTest" time="0.001"/>
  <testcase name="compSciEventTest" classname="main.java.org.skloch.test.EventManagerTest" time="0.001"/>
  <testcase name="himarkEventTest" classname="main.java.org.skloch.test.EventManagerTest" time="0.001"/>
  <system-out><![CDATA[]]></system-out>
  <system-err><![CDATA[]]></system-err>
</testsuite>
