<?xml version="1.0" encoding="UTF-8"?>
<testsuite name="main.java.org.skloch.test.unit.DialogueBoxTest" tests="1" skipped="0" failures="0" errors="0" timestamp="2024-05-17T21:57:18" hostname="KEELAS_PC" time="0.004">
  <properties/>
  <testcase name="testVisibility" classname="main.java.org.skloch.test.unit.DialogueBoxTest" time="0.004"/>
  <system-out><![CDATA[]]></system-out>
  <system-err><![CDATA[]]></system-err>
</testsuite>
