<?xml version="1.0" encoding="UTF-8"?>
<testsuite name="main.java.org.skloch.test.AvatarSelectionTest" tests="3" skipped="0" failures="0" errors="0" timestamp="2024-05-19T11:11:10" hostname="LUKE-PC" time="0.004">
  <properties/>
  <testcase name="testSelectionInvalidAvatar" classname="main.java.org.skloch.test.AvatarSelectionTest" time="0.004"/>
  <testcase name="testSelectAvatar1" classname="main.java.org.skloch.test.AvatarSelectionTest" time="0.0"/>
  <testcase name="testSelectAvatar2" classname="main.java.org.skloch.test.AvatarSelectionTest" time="0.0"/>
  <system-out><![CDATA[]]></system-out>
  <system-err><![CDATA[]]></system-err>
</testsuite>
